<?xml version="1.0" encoding="UTF-8"?>
<testng-results skipped="0" failed="0" ignored="0" total="1" passed="1">
  <reporter-output>
  </reporter-output>
  <suite name="Default suite" duration-ms="28789" started-at="2020-04-07T02:00:44Z" finished-at="2020-04-07T02:01:13Z">
    <groups>
    </groups>
    <test name="Default test" duration-ms="28789" started-at="2020-04-07T02:00:44Z" finished-at="2020-04-07T02:01:13Z">
      <class name="com.myntra.testScripts.TC_05_Remove_Item_From_WishList">
        <test-method status="PASS" signature="configBC()[pri:0, instance:com.myntra.testScripts.TC_05_Remove_Item_From_WishList@cb5822]" name="configBC" is-config="true" duration-ms="13202" started-at="2020-04-07T07:30:44Z" finished-at="2020-04-07T07:30:58Z">
          <reporter-output>
          </reporter-output>
        </test-method> <!-- configBC -->
        <test-method status="PASS" signature="configBM()[pri:0, instance:com.myntra.testScripts.TC_05_Remove_Item_From_WishList@cb5822]" name="configBM" is-config="true" duration-ms="9616" started-at="2020-04-07T07:30:58Z" finished-at="2020-04-07T07:31:07Z">
          <reporter-output>
          </reporter-output>
        </test-method> <!-- configBM -->
        <test-method status="PASS" signature="removeItem()[pri:0, instance:com.myntra.testScripts.TC_05_Remove_Item_From_WishList@cb5822]" name="removeItem" duration-ms="3818" started-at="2020-04-07T07:31:07Z" finished-at="2020-04-07T07:31:11Z">
          <reporter-output>
          </reporter-output>
        </test-method> <!-- removeItem -->
        <test-method status="PASS" signature="configAM()[pri:0, instance:com.myntra.testScripts.TC_05_Remove_Item_From_WishList@cb5822]" name="configAM" is-config="true" duration-ms="530" started-at="2020-04-07T07:31:11Z" finished-at="2020-04-07T07:31:12Z">
          <reporter-output>
          </reporter-output>
        </test-method> <!-- configAM -->
        <test-method status="PASS" signature="configAC()[pri:0, instance:com.myntra.testScripts.TC_05_Remove_Item_From_WishList@cb5822]" name="configAC" is-config="true" duration-ms="1595" started-at="2020-04-07T07:31:12Z" finished-at="2020-04-07T07:31:13Z">
          <reporter-output>
          </reporter-output>
        </test-method> <!-- configAC -->
      </class> <!-- com.myntra.testScripts.TC_05_Remove_Item_From_WishList -->
    </test> <!-- Default test -->
  </suite> <!-- Default suite -->
</testng-results>
